{"D:\\react-library\\src\\server\\ai.ts": {"path":"D:\\react-library\\src\\server\\ai.ts","statementMap":{"0":{"start":{"line":10,"column":0},"end":{"line":10,"column":7}},"1":{"start":{"line":2,"column":0},"end":{"line":2,"column":59}},"2":{"start":{"line":5,"column":16},"end":{"line":5,"column":42}},"3":{"start":{"line":6,"column":18},"end":{"line":6,"column":23}},"4":{"start":{"line":7,"column":18},"end":{"line":7,"column":19}},"5":{"start":{"line":8,"column":27},"end":{"line":8,"column":40}},"6":{"start":{"line":15,"column":2},"end":{"line":15,"column":33}},"7":{"start":{"line":15,"column":16},"end":{"line":15,"column":33}},"8":{"start":{"line":16,"column":2},"end":{"line":17,"column":21}},"9":{"start":{"line":17,"column":4},"end":{"line":17,"column":21}},"10":{"start":{"line":18,"column":2},"end":{"line":47,"column":3}},"11":{"start":{"line":20,"column":16},"end":{"line":20,"column":47}},"12":{"start":{"line":21,"column":18},"end":{"line":21,"column":71}},"13":{"start":{"line":22,"column":19},"end":{"line":26,"column":38}},"14":{"start":{"line":27,"column":20},"end":{"line":32,"column":6}},"15":{"start":{"line":30,"column":8},"end":{"line":30,"column":60}},"16":{"start":{"line":30,"column":25},"end":{"line":30,"column":53}},"17":{"start":{"line":33,"column":17},"end":{"line":33,"column":53}},"18":{"start":{"line":34,"column":4},"end":{"line":34,"column":32}},"19":{"start":{"line":34,"column":15},"end":{"line":34,"column":32}},"20":{"start":{"line":35,"column":4},"end":{"line":40,"column":31}},"21":{"start":{"line":40,"column":6},"end":{"line":40,"column":31}},"22":{"start":{"line":41,"column":4},"end":{"line":41,"column":21}},"23":{"start":{"line":43,"column":4},"end":{"line":43,"column":29}},"24":{"start":{"line":44,"column":4},"end":{"line":44,"column":23}},"25":{"start":{"line":45,"column":4},"end":{"line":45,"column":45}},"26":{"start":{"line":46,"column":4},"end":{"line":46,"column":21}}},"fnMap":{"0":{"name":"aiSuggestMaskLevel","decl":{"start":{"line":10,"column":22},"end":{"line":10,"column":40}},"loc":{"start":{"line":13,"column":14},"end":{"line":48,"column":1}}},"1":{"name":"(anonymous_1)","decl":{"start":{"line":29,"column":18},"end":{"line":29,"column":19}},"loc":{"start":{"line":30,"column":8},"end":{"line":30,"column":60}}},"2":{"name":"(anonymous_2)","decl":{"start":{"line":30,"column":19},"end":{"line":30,"column":22}},"loc":{"start":{"line":30,"column":25},"end":{"line":30,"column":53}}}},"branchMap":{"0":{"loc":{"start":{"line":15,"column":2},"end":{"line":15,"column":33}},"type":"if","locations":[{"start":{"line":15,"column":2},"end":{"line":15,"column":33}},{"start":{},"end":{}}]},"1":{"loc":{"start":{"line":16,"column":2},"end":{"line":17,"column":21}},"type":"if","locations":[{"start":{"line":16,"column":2},"end":{"line":17,"column":21}},{"start":{},"end":{}}]},"2":{"loc":{"start":{"line":16,"column":6},"end":{"line":16,"column":66}},"type":"binary-expr","locations":[{"start":{"line":16,"column":6},"end":{"line":16,"column":17}},{"start":{"line":16,"column":21},"end":{"line":16,"column":66}}]},"3":{"loc":{"start":{"line":34,"column":4},"end":{"line":34,"column":32}},"type":"if","locations":[{"start":{"line":34,"column":4},"end":{"line":34,"column":32}},{"start":{},"end":{}}]},"4":{"loc":{"start":{"line":35,"column":4},"end":{"line":40,"column":31}},"type":"if","locations":[{"start":{"line":35,"column":4},"end":{"line":40,"column":31}},{"start":{},"end":{}}]}},"s":{"0":1,"1":1,"2":1,"3":1,"4":1,"5":1,"6":1,"7":1,"8":0,"9":0,"10":0,"11":0,"12":0,"13":0,"14":0,"15":0,"16":0,"17":0,"18":0,"19":0,"20":0,"21":0,"22":0,"23":0,"24":0,"25":0,"26":0},"f":{"0":1,"1":0,"2":0},"b":{"0":[1,0],"1":[0,0],"2":[0,0],"3":[0,0],"4":[0,0]}}
,"D:\\react-library\\src\\server\\cache.ts": {"path":"D:\\react-library\\src\\server\\cache.ts","statementMap":{"0":{"start":{"line":7,"column":0},"end":{"line":7,"column":16}},"1":{"start":{"line":15,"column":0},"end":{"line":15,"column":16}},"2":{"start":{"line":18,"column":0},"end":{"line":18,"column":16}},"3":{"start":{"line":2,"column":0},"end":{"line":2,"column":33}},"4":{"start":{"line":4,"column":14},"end":{"line":4,"column":36}},"5":{"start":{"line":5,"column":13},"end":{"line":5,"column":49}},"6":{"start":{"line":8,"column":12},"end":{"line":11,"column":18}},"7":{"start":{"line":12,"column":2},"end":{"line":12,"column":11}},"8":{"start":{"line":16,"column":2},"end":{"line":16,"column":24}},"9":{"start":{"line":19,"column":2},"end":{"line":19,"column":22}},"10":{"start":{"line":20,"column":2},"end":{"line":20,"column":45}},"11":{"start":{"line":20,"column":19},"end":{"line":20,"column":36}}},"fnMap":{"0":{"name":"makeCacheKey","decl":{"start":{"line":7,"column":16},"end":{"line":7,"column":28}},"loc":{"start":{"line":7,"column":74},"end":{"line":13,"column":1}}},"1":{"name":"cacheGet","decl":{"start":{"line":15,"column":16},"end":{"line":15,"column":24}},"loc":{"start":{"line":15,"column":36},"end":{"line":17,"column":1}}},"2":{"name":"cacheSet","decl":{"start":{"line":18,"column":16},"end":{"line":18,"column":24}},"loc":{"start":{"line":18,"column":70},"end":{"line":21,"column":1}}},"3":{"name":"(anonymous_12)","decl":{"start":{"line":20,"column":13},"end":{"line":20,"column":16}},"loc":{"start":{"line":20,"column":19},"end":{"line":20,"column":36}}}},"branchMap":{"0":{"loc":{"start":{"line":5,"column":13},"end":{"line":5,"column":49}},"type":"binary-expr","locations":[{"start":{"line":5,"column":13},"end":{"line":5,"column":35}},{"start":{"line":5,"column":39},"end":{"line":5,"column":49}}]},"1":{"loc":{"start":{"line":18,"column":48},"end":{"line":18,"column":70}},"type":"default-arg","locations":[{"start":{"line":18,"column":56},"end":{"line":18,"column":70}}]}},"s":{"0":1,"1":1,"2":1,"3":1,"4":1,"5":1,"6":1,"7":1,"8":1,"9":1,"10":1,"11":0},"f":{"0":1,"1":1,"2":1,"3":0},"b":{"0":[1,1],"1":[0]}}
,"D:\\react-library\\src\\server\\index.ts": {"path":"D:\\react-library\\src\\server\\index.ts","statementMap":{"0":{"start":{"line":6,"column":0},"end":{"line":6,"column":16}},"1":{"start":{"line":1,"column":0},"end":{"line":1,"column":30}},"2":{"start":{"line":2,"column":0},"end":{"line":2,"column":38}},"3":{"start":{"line":3,"column":0},"end":{"line":3,"column":42}},"4":{"start":{"line":4,"column":0},"end":{"line":4,"column":43}},"5":{"start":{"line":7,"column":14},"end":{"line":7,"column":23}},"6":{"start":{"line":8,"column":2},"end":{"line":8,"column":26}},"7":{"start":{"line":9,"column":2},"end":{"line":9,"column":56}},"8":{"start":{"line":11,"column":2},"end":{"line":11,"column":29}},"9":{"start":{"line":12,"column":2},"end":{"line":12,"column":31}},"10":{"start":{"line":14,"column":2},"end":{"line":17,"column":5}},"11":{"start":{"line":15,"column":4},"end":{"line":15,"column":76}},"12":{"start":{"line":16,"column":4},"end":{"line":16,"column":11}},"13":{"start":{"line":19,"column":2},"end":{"line":19,"column":13}},"14":{"start":{"line":22,"column":0},"end":{"line":26,"column":1}},"15":{"start":{"line":23,"column":14},"end":{"line":23,"column":25}},"16":{"start":{"line":24,"column":15},"end":{"line":24,"column":39}},"17":{"start":{"line":25,"column":2},"end":{"line":25,"column":69}},"18":{"start":{"line":25,"column":25},"end":{"line":25,"column":67}}},"fnMap":{"0":{"name":"createApp","decl":{"start":{"line":6,"column":16},"end":{"line":6,"column":25}},"loc":{"start":{"line":6,"column":25},"end":{"line":20,"column":1}}},"1":{"name":"(anonymous_2)","decl":{"start":{"line":14,"column":10},"end":{"line":14,"column":11}},"loc":{"start":{"line":14,"column":45},"end":{"line":17,"column":3}}},"2":{"name":"(anonymous_3)","decl":{"start":{"line":25,"column":19},"end":{"line":25,"column":22}},"loc":{"start":{"line":25,"column":25},"end":{"line":25,"column":67}}}},"branchMap":{"0":{"loc":{"start":{"line":22,"column":0},"end":{"line":26,"column":1}},"type":"if","locations":[{"start":{"line":22,"column":0},"end":{"line":26,"column":1}},{"start":{},"end":{}}]},"1":{"loc":{"start":{"line":24,"column":15},"end":{"line":24,"column":39}},"type":"binary-expr","locations":[{"start":{"line":24,"column":15},"end":{"line":24,"column":31}},{"start":{"line":24,"column":35},"end":{"line":24,"column":39}}]}},"s":{"0":1,"1":1,"2":1,"3":1,"4":1,"5":1,"6":1,"7":1,"8":1,"9":1,"10":1,"11":0,"12":0,"13":1,"14":1,"15":0,"16":0,"17":0,"18":0},"f":{"0":1,"1":0,"2":0},"b":{"0":[0,1],"1":[0,0]}}
,"D:\\react-library\\src\\server\\routes\\mask.ts": {"path":"D:\\react-library\\src\\server\\routes\\mask.ts","statementMap":{"0":{"start":{"line":1,"column":0},"end":{"line":1,"column":30}},"1":{"start":{"line":2,"column":0},"end":{"line":2,"column":49}},"2":{"start":{"line":3,"column":0},"end":{"line":3,"column":43}},"3":{"start":{"line":4,"column":0},"end":{"line":4,"column":60}},"4":{"start":{"line":6,"column":15},"end":{"line":6,"column":31}},"5":{"start":{"line":8,"column":0},"end":{"line":53,"column":3}},"6":{"start":{"line":9,"column":2},"end":{"line":52,"column":3}},"7":{"start":{"line":10,"column":38},"end":{"line":10,"column":null}},"8":{"start":{"line":15,"column":4},"end":{"line":16,"column":63}},"9":{"start":{"line":16,"column":6},"end":{"line":16,"column":63}},"10":{"start":{"line":18,"column":16},"end":{"line":18,"column":51}},"11":{"start":{"line":19,"column":19},"end":{"line":19,"column":32}},"12":{"start":{"line":20,"column":4},"end":{"line":20,"column":61}},"13":{"start":{"line":20,"column":16},"end":{"line":20,"column":61}},"14":{"start":{"line":23,"column":20},"end":{"line":23,"column":67}},"15":{"start":{"line":24,"column":19},"end":{"line":24,"column":61}},"16":{"start":{"line":26,"column":4},"end":{"line":35,"column":6}},"17":{"start":{"line":36,"column":4},"end":{"line":41,"column":7}},"18":{"start":{"line":43,"column":4},"end":{"line":43,"column":44}},"19":{"start":{"line":45,"column":21},"end":{"line":50,"column":6}},"20":{"start":{"line":51,"column":4},"end":{"line":51,"column":42}},"21":{"start":{"line":55,"column":0},"end":{"line":55,"column":22}}},"fnMap":{"0":{"name":"(anonymous_1)","decl":{"start":{"line":8,"column":21},"end":{"line":8,"column":26}},"loc":{"start":{"line":8,"column":40},"end":{"line":53,"column":1}}}},"branchMap":{"0":{"loc":{"start":{"line":15,"column":4},"end":{"line":16,"column":63}},"type":"if","locations":[{"start":{"line":15,"column":4},"end":{"line":16,"column":63}},{"start":{},"end":{}}]},"1":{"loc":{"start":{"line":20,"column":4},"end":{"line":20,"column":61}},"type":"if","locations":[{"start":{"line":20,"column":4},"end":{"line":20,"column":61}},{"start":{},"end":{}}]}},"s":{"0":1,"1":1,"2":1,"3":1,"4":1,"5":1,"6":2,"7":2,"8":2,"9":1,"10":1,"11":1,"12":1,"13":0,"14":1,"15":1,"16":1,"17":1,"18":0,"19":0,"20":0,"21":1},"f":{"0":2},"b":{"0":[1,1],"1":[0,1]}}
,"D:\\react-library\\src\\server\\routes\\unmask.ts": {"path":"D:\\react-library\\src\\server\\routes\\unmask.ts","statementMap":{"0":{"start":{"line":2,"column":0},"end":{"line":2,"column":30}},"1":{"start":{"line":3,"column":0},"end":{"line":3,"column":null}},"2":{"start":{"line":8,"column":0},"end":{"line":8,"column":49}},"3":{"start":{"line":11,"column":15},"end":{"line":11,"column":31}},"4":{"start":{"line":13,"column":0},"end":{"line":58,"column":3}},"5":{"start":{"line":14,"column":2},"end":{"line":57,"column":3}},"6":{"start":{"line":15,"column":47},"end":{"line":15,"column":null}},"7":{"start":{"line":22,"column":4},"end":{"line":23,"column":63}},"8":{"start":{"line":23,"column":6},"end":{"line":23,"column":63}},"9":{"start":{"line":26,"column":19},"end":{"line":26,"column":35}},"10":{"start":{"line":28,"column":18},"end":{"line":28,"column":53}},"11":{"start":{"line":29,"column":17},"end":{"line":29,"column":52}},"12":{"start":{"line":32,"column":4},"end":{"line":42,"column":5}},"13":{"start":{"line":34,"column":23},"end":{"line":34,"column":58}},"14":{"start":{"line":37,"column":6},"end":{"line":41,"column":9}},"15":{"start":{"line":48,"column":4},"end":{"line":53,"column":7}},"16":{"start":{"line":55,"column":4},"end":{"line":55,"column":39}},"17":{"start":{"line":56,"column":4},"end":{"line":56,"column":55}},"18":{"start":{"line":60,"column":0},"end":{"line":60,"column":22}}},"fnMap":{"0":{"name":"(anonymous_1)","decl":{"start":{"line":13,"column":23},"end":{"line":13,"column":28}},"loc":{"start":{"line":13,"column":42},"end":{"line":58,"column":1}}}},"branchMap":{"0":{"loc":{"start":{"line":22,"column":4},"end":{"line":23,"column":63}},"type":"if","locations":[{"start":{"line":22,"column":4},"end":{"line":23,"column":63}},{"start":{},"end":{}}]},"1":{"loc":{"start":{"line":22,"column":8},"end":{"line":22,"column":36}},"type":"binary-expr","locations":[{"start":{"line":22,"column":8},"end":{"line":22,"column":17}},{"start":{"line":22,"column":21},"end":{"line":22,"column":27}},{"start":{"line":22,"column":31},"end":{"line":22,"column":36}}]},"2":{"loc":{"start":{"line":29,"column":17},"end":{"line":29,"column":52}},"type":"binary-expr","locations":[{"start":{"line":29,"column":17},"end":{"line":29,"column":43}},{"start":{"line":29,"column":47},"end":{"line":29,"column":52}}]},"3":{"loc":{"start":{"line":32,"column":4},"end":{"line":42,"column":5}},"type":"if","locations":[{"start":{"line":32,"column":4},"end":{"line":42,"column":5}},{"start":{},"end":{}}]},"4":{"loc":{"start":{"line":32,"column":8},"end":{"line":32,"column":51}},"type":"binary-expr","locations":[{"start":{"line":32,"column":8},"end":{"line":32,"column":23}},{"start":{"line":32,"column":27},"end":{"line":32,"column":51}}]},"5":{"loc":{"start":{"line":51,"column":13},"end":{"line":51,"column":32}},"type":"binary-expr","locations":[{"start":{"line":51,"column":13},"end":{"line":51,"column":18}},{"start":{"line":51,"column":22},"end":{"line":51,"column":32}}]}},"s":{"0":1,"1":1,"2":1,"3":1,"4":1,"5":2,"6":2,"7":2,"8":0,"9":2,"10":2,"11":2,"12":2,"13":1,"14":1,"15":1,"16":0,"17":0,"18":1},"f":{"0":2},"b":{"0":[0,2],"1":[2,2,2],"2":[2,0],"3":[1,1],"4":[2,1],"5":[1,0]}}
}
