TN:
SF:src\server\ai.ts
FN:10,aiSuggestMaskLevel
FN:29,(anonymous_1)
FN:30,(anonymous_2)
FNF:3
FNH:1
FNDA:1,aiSuggestMaskLevel
FNDA:0,(anonymous_1)
FNDA:0,(anonymous_2)
DA:2,1
DA:5,1
DA:6,1
DA:7,1
DA:8,1
DA:10,1
DA:15,1
DA:16,0
DA:17,0
DA:18,0
DA:20,0
DA:21,0
DA:22,0
DA:27,0
DA:30,0
DA:33,0
DA:34,0
DA:35,0
DA:40,0
DA:41,0
DA:43,0
DA:44,0
DA:45,0
DA:46,0
LF:24
LH:7
BRDA:15,0,0,1
BRDA:15,0,1,0
BRDA:16,1,0,0
BRDA:16,1,1,0
BRDA:16,2,0,0
BRDA:16,2,1,0
BRDA:34,3,0,0
BRDA:34,3,1,0
BRDA:35,4,0,0
BRDA:35,4,1,0
BRF:10
BRH:1
end_of_record
TN:
SF:src\server\cache.ts
FN:7,makeCacheKey
FN:15,cacheGet
FN:18,cacheSet
FN:20,(anonymous_12)
FNF:4
FNH:3
FNDA:1,makeCacheKey
FNDA:1,cacheGet
FNDA:1,cacheSet
FNDA:0,(anonymous_12)
DA:2,1
DA:4,1
DA:5,1
DA:7,1
DA:8,1
DA:12,1
DA:15,1
DA:16,1
DA:18,1
DA:19,1
DA:20,1
LF:11
LH:11
BRDA:5,0,0,1
BRDA:5,0,1,1
BRDA:18,1,0,0
BRF:3
BRH:2
end_of_record
TN:
SF:src\server\index.ts
FN:6,createApp
FN:14,(anonymous_2)
FN:25,(anonymous_3)
FNF:3
FNH:1
FNDA:1,createApp
FNDA:0,(anonymous_2)
FNDA:0,(anonymous_3)
DA:1,1
DA:2,1
DA:3,1
DA:4,1
DA:6,1
DA:7,1
DA:8,1
DA:9,1
DA:11,1
DA:12,1
DA:14,1
DA:15,0
DA:16,0
DA:19,1
DA:22,1
DA:23,0
DA:24,0
DA:25,0
LF:18
LH:13
BRDA:22,0,0,0
BRDA:22,0,1,1
BRDA:24,1,0,0
BRDA:24,1,1,0
BRF:4
BRH:1
end_of_record
TN:
SF:src\server\routes\mask.ts
FN:8,(anonymous_1)
FNF:1
FNH:1
FNDA:2,(anonymous_1)
DA:1,1
DA:2,1
DA:3,1
DA:4,1
DA:6,1
DA:8,1
DA:9,2
DA:10,2
DA:15,2
DA:16,1
DA:18,1
DA:19,1
DA:20,1
DA:23,1
DA:24,1
DA:26,1
DA:36,1
DA:43,0
DA:45,0
DA:51,0
DA:55,1
LF:21
LH:18
BRDA:15,0,0,1
BRDA:15,0,1,1
BRDA:20,1,0,0
BRDA:20,1,1,1
BRF:4
BRH:3
end_of_record
TN:
SF:src\server\routes\unmask.ts
FN:13,(anonymous_1)
FNF:1
FNH:1
FNDA:2,(anonymous_1)
DA:2,1
DA:3,1
DA:8,1
DA:11,1
DA:13,1
DA:14,2
DA:15,2
DA:22,2
DA:23,0
DA:26,2
DA:28,2
DA:29,2
DA:32,2
DA:34,1
DA:37,1
DA:48,1
DA:55,0
DA:56,0
DA:60,1
LF:19
LH:16
BRDA:22,0,0,0
BRDA:22,0,1,2
BRDA:22,1,0,2
BRDA:22,1,1,2
BRDA:22,1,2,2
BRDA:29,2,0,2
BRDA:29,2,1,0
BRDA:32,3,0,1
BRDA:32,3,1,1
BRDA:32,4,0,2
BRDA:32,4,1,1
BRDA:51,5,0,1
BRDA:51,5,1,0
BRF:13
BRH:10
end_of_record
